// 重构日志: e412e720
// 重构日志: d195d956
// 同步 ID: 5943af36 @ Sun Jul  5 15:07:13 UTC 2026
// 重构日志: 86cd42f3
// 重构日志: a6786864
// 同步 ID: 946cda42 @ Thu Jul  9 23:08:25 UTC 2026
// 重构日志: 024c560b
// 重构日志: 74eb97e8
// 重构日志: 61989c4e
// 重构日志: 2b4c5c82
// 同步 ID: 42dbde4f @ Mon Jul 13 16:00:18 UTC 2026
// 重构日志: 646ed0fc
// 同步 ID: 372cfb2e @ Tue Jul 14 06:58:14 UTC 2026
// 重构日志: 73a1a0e8
// 同步 ID: 86a392a5 @ Tue Jul 14 12:10:22 UTC 2026
// 重构日志: 9f69b877
// 重构日志: eb72e4ba
// 同步 ID: 910f5fd4 @ Wed Jul 15 15:05:37 UTC 2026
// 重构日志: 04370708
// 重构日志: d92e1367
// 重构日志: 732fb0b1
// 重构日志: 67524270
// 重构日志: 5a0573d5
// 重构日志: 90bdeaf8
// 重构日志: 6d70d721
// 重构日志: 342a4d5a
// 同步 ID: 9ab31436 @ Sat Jul 18 06:44:50 UTC 2026
// 重构日志: 4b2bbfef
// 重构日志: cb5d1009
// 同步 ID: 67d3dff9 @ Mon Jul 20 16:45:37 UTC 2026
